C51 COMPILER V9.54   AT24C02                                                               02/13/2022 23:28:28 PAGE 1   


C51 COMPILER V9.54, COMPILATION OF MODULE AT24C02
OBJECT MODULE PLACED IN .\build\Debug\src\AT24C02.o
COMPILER INVOKED BY: D:\Keil5\C51\BIN\C51.exe .\SRC\AT24C02.C PRINT(.\build\Debug\src\AT24C02.lst) OMF2 TABS(4) CODE NOC
                    -OND SYMBOLS OPTIMIZE(8,SPEED) SMALL ROM(LARGE) INCDIR(d:\Keil5\C51\INC\Atmel;D:\Keil5\C51\INC;.\src) DEFINE(__UVISION_VE
                    -RSION=526) OBJECT(.\build\Debug\src\AT24C02.o)

line level    source

   1          #include <REGX52.H>
   2          #include "I2C.h"
   3          
   4          typedef unsigned char u8;
   5          typedef unsigned int  u16;
   6          
   7          #define AT24C02_ADDRESS 0xA0
   8          
   9          void AT24C02_WriteByte(u8 WordAddress,Date)
  10          {
  11   1          I2C_Start();
  12   1          I2C_SendByte(AT24C02_ADDRESS);
  13   1          I2C_ReceiveAck();
*** WARNING C206 IN LINE 13 OF .\SRC\AT24C02.C: 'I2C_ReceiveAck': missing function-prototype
  14   1          I2C_SendByte(WordAddress);
  15   1          I2C_ReceiveAck();
  16   1          I2C_SendByte(Date);
  17   1          I2C_ReceiveAck();
  18   1          I2C_Stop();
  19   1      }
  20          
  21          u8 AT24C02_ReadByte(u8 WordAddress)
  22          {
  23   1          u8 Date;
  24   1          I2C_Start();
  25   1          I2C_SendByte(AT24C02_ADDRESS);
  26   1          I2C_ReceiveAck();
  27   1          I2C_SendByte(WordAddress);
  28   1          I2C_ReceiveAck();
  29   1          I2C_Start();
  30   1          I2C_SendByte(AT24C02_ADDRESS|0x01);
  31   1          I2C_ReceiveAck();
  32   1          Date=I2C_ReceiveByte();
  33   1          I2C_SendAck(1);
  34   1          I2C_Stop();
  35   1          return Date;
  36   1      }
C51 COMPILER V9.54   AT24C02                                                               02/13/2022 23:28:28 PAGE 2   

ASSEMBLY LISTING OF GENERATED OBJECT CODE


             ; FUNCTION _AT24C02_WriteByte (BEGIN)
                                           ; SOURCE LINE # 9
0000 8F00        R     MOV     WordAddress,R7
0002 8C00        R     MOV     Date,R4
0004 8D00        R     MOV     Date+01H,R5
                                           ; SOURCE LINE # 10
                                           ; SOURCE LINE # 11
0006 120000      E     LCALL   I2C_Start
                                           ; SOURCE LINE # 12
0009 7FA0              MOV     R7,#0A0H
000B 120000      E     LCALL   _I2C_SendByte
                                           ; SOURCE LINE # 13
000E 120000      E     LCALL   I2C_ReceiveAck
                                           ; SOURCE LINE # 14
0011 AF00        R     MOV     R7,WordAddress
0013 120000      E     LCALL   _I2C_SendByte
                                           ; SOURCE LINE # 15
0016 120000      E     LCALL   I2C_ReceiveAck
                                           ; SOURCE LINE # 16
0019 AF00        R     MOV     R7,Date+01H
001B 120000      E     LCALL   _I2C_SendByte
                                           ; SOURCE LINE # 17
001E 120000      E     LCALL   I2C_ReceiveAck
                                           ; SOURCE LINE # 18
0021 020000      E     LJMP    I2C_Stop
             ; FUNCTION _AT24C02_WriteByte (END)

             ; FUNCTION _AT24C02_ReadByte (BEGIN)
                                           ; SOURCE LINE # 21
0000 8F00        R     MOV     WordAddress,R7
                                           ; SOURCE LINE # 22
                                           ; SOURCE LINE # 24
0002 120000      E     LCALL   I2C_Start
                                           ; SOURCE LINE # 25
0005 7FA0              MOV     R7,#0A0H
0007 120000      E     LCALL   _I2C_SendByte
                                           ; SOURCE LINE # 26
000A 120000      E     LCALL   I2C_ReceiveAck
                                           ; SOURCE LINE # 27
000D AF00        R     MOV     R7,WordAddress
000F 120000      E     LCALL   _I2C_SendByte
                                           ; SOURCE LINE # 28
0012 120000      E     LCALL   I2C_ReceiveAck
                                           ; SOURCE LINE # 29
0015 120000      E     LCALL   I2C_Start
                                           ; SOURCE LINE # 30
0018 7FA1              MOV     R7,#0A1H
001A 120000      E     LCALL   _I2C_SendByte
                                           ; SOURCE LINE # 31
001D 120000      E     LCALL   I2C_ReceiveAck
                                           ; SOURCE LINE # 32
0020 120000      E     LCALL   I2C_ReceiveByte
0023 8F00        R     MOV     Date,R7
                                           ; SOURCE LINE # 33
0025 D200        E     SETB    ?I2C_SendAck?BIT
0027 120000      E     LCALL   I2C_SendAck
                                           ; SOURCE LINE # 34
002A 120000      E     LCALL   I2C_Stop
                                           ; SOURCE LINE # 35
C51 COMPILER V9.54   AT24C02                                                               02/13/2022 23:28:28 PAGE 3   

002D AF00        R     MOV     R7,Date
                                           ; SOURCE LINE # 36
002F         ?C0002:
002F 22                RET     
             ; FUNCTION _AT24C02_ReadByte (END)

C51 COMPILER V9.54   AT24C02                                                               02/13/2022 23:28:28 PAGE 4   

NAME                                    CLASS   MSPACE  TYPE    OFFSET  SIZE
====                                    =====   ======  ====    ======  ====


P0 . . . . . . . . . . . . . . . . . .  SFR      DATA   U_CHAR   0080H  1
P1 . . . . . . . . . . . . . . . . . .  SFR      DATA   U_CHAR   0090H  1
P2 . . . . . . . . . . . . . . . . . .  SFR      DATA   U_CHAR   00A0H  1
P3 . . . . . . . . . . . . . . . . . .  SFR      DATA   U_CHAR   00B0H  1
AC . . . . . . . . . . . . . . . . . .  ABSBIT   -----  BIT      00D6H  1
T0 . . . . . . . . . . . . . . . . . .  ABSBIT   -----  BIT      00B4H  1
T1 . . . . . . . . . . . . . . . . . .  ABSBIT   -----  BIT      00B5H  1
EA . . . . . . . . . . . . . . . . . .  ABSBIT   -----  BIT      00AFH  1
T2 . . . . . . . . . . . . . . . . . .  ABSBIT   -----  BIT      0090H  1
IE . . . . . . . . . . . . . . . . . .  SFR      DATA   U_CHAR   00A8H  1
P0_0 . . . . . . . . . . . . . . . . .  ABSBIT   -----  BIT      0080H  1
P1_0 . . . . . . . . . . . . . . . . .  ABSBIT   -----  BIT      0090H  1
P0_1 . . . . . . . . . . . . . . . . .  ABSBIT   -----  BIT      0081H  1
P2_0 . . . . . . . . . . . . . . . . .  ABSBIT   -----  BIT      00A0H  1
P1_1 . . . . . . . . . . . . . . . . .  ABSBIT   -----  BIT      0091H  1
P0_2 . . . . . . . . . . . . . . . . .  ABSBIT   -----  BIT      0082H  1
P3_0 . . . . . . . . . . . . . . . . .  ABSBIT   -----  BIT      00B0H  1
P2_1 . . . . . . . . . . . . . . . . .  ABSBIT   -----  BIT      00A1H  1
P1_2 . . . . . . . . . . . . . . . . .  ABSBIT   -----  BIT      0092H  1
P0_3 . . . . . . . . . . . . . . . . .  ABSBIT   -----  BIT      0083H  1
P3_1 . . . . . . . . . . . . . . . . .  ABSBIT   -----  BIT      00B1H  1
P2_2 . . . . . . . . . . . . . . . . .  ABSBIT   -----  BIT      00A2H  1
P1_3 . . . . . . . . . . . . . . . . .  ABSBIT   -----  BIT      0093H  1
P0_4 . . . . . . . . . . . . . . . . .  ABSBIT   -----  BIT      0084H  1
P3_2 . . . . . . . . . . . . . . . . .  ABSBIT   -----  BIT      00B2H  1
P2_3 . . . . . . . . . . . . . . . . .  ABSBIT   -----  BIT      00A3H  1
P1_4 . . . . . . . . . . . . . . . . .  ABSBIT   -----  BIT      0094H  1
P0_5 . . . . . . . . . . . . . . . . .  ABSBIT   -----  BIT      0085H  1
EXF2 . . . . . . . . . . . . . . . . .  ABSBIT   -----  BIT      00CEH  1
RD . . . . . . . . . . . . . . . . . .  ABSBIT   -----  BIT      00B7H  1
P3_3 . . . . . . . . . . . . . . . . .  ABSBIT   -----  BIT      00B3H  1
P2_4 . . . . . . . . . . . . . . . . .  ABSBIT   -----  BIT      00A4H  1
P1_5 . . . . . . . . . . . . . . . . .  ABSBIT   -----  BIT      0095H  1
P0_6 . . . . . . . . . . . . . . . . .  ABSBIT   -----  BIT      0086H  1
P3_4 . . . . . . . . . . . . . . . . .  ABSBIT   -----  BIT      00B4H  1
P2_5 . . . . . . . . . . . . . . . . .  ABSBIT   -----  BIT      00A5H  1
P1_6 . . . . . . . . . . . . . . . . .  ABSBIT   -----  BIT      0096H  1
P0_7 . . . . . . . . . . . . . . . . .  ABSBIT   -----  BIT      0087H  1
_AT24C02_ReadByte. . . . . . . . . . .  PUBLIC   CODE   PROC     0000H  -----
  WordAddress. . . . . . . . . . . . .  AUTO     DATA   U_CHAR   0000H  1
  Date . . . . . . . . . . . . . . . .  AUTO     DATA   U_CHAR   0001H  1
P3_5 . . . . . . . . . . . . . . . . .  ABSBIT   -----  BIT      00B5H  1
ES . . . . . . . . . . . . . . . . . .  ABSBIT   -----  BIT      00ACH  1
P2_6 . . . . . . . . . . . . . . . . .  ABSBIT   -----  BIT      00A6H  1
P1_7 . . . . . . . . . . . . . . . . .  ABSBIT   -----  BIT      0097H  1
P3_6 . . . . . . . . . . . . . . . . .  ABSBIT   -----  BIT      00B6H  1
P2_7 . . . . . . . . . . . . . . . . .  ABSBIT   -----  BIT      00A7H  1
IP . . . . . . . . . . . . . . . . . .  SFR      DATA   U_CHAR   00B8H  1
P3_7 . . . . . . . . . . . . . . . . .  ABSBIT   -----  BIT      00B7H  1
RI . . . . . . . . . . . . . . . . . .  ABSBIT   -----  BIT      0098H  1
CY . . . . . . . . . . . . . . . . . .  ABSBIT   -----  BIT      00D7H  1
INT0 . . . . . . . . . . . . . . . . .  ABSBIT   -----  BIT      00B2H  1
INT1 . . . . . . . . . . . . . . . . .  ABSBIT   -----  BIT      00B3H  1
TI . . . . . . . . . . . . . . . . . .  ABSBIT   -----  BIT      0099H  1
RCAP2H . . . . . . . . . . . . . . . .  SFR      DATA   U_CHAR   00CBH  1
PS . . . . . . . . . . . . . . . . . .  ABSBIT   -----  BIT      00BCH  1
SP . . . . . . . . . . . . . . . . . .  SFR      DATA   U_CHAR   0081H  1
C51 COMPILER V9.54   AT24C02                                                               02/13/2022 23:28:28 PAGE 5   

NAME                                    CLASS   MSPACE  TYPE    OFFSET  SIZE
====                                    =====   ======  ====    ======  ====


T2EX . . . . . . . . . . . . . . . . .  ABSBIT   -----  BIT      0091H  1
OV . . . . . . . . . . . . . . . . . .  ABSBIT   -----  BIT      00D2H  1
RCAP2L . . . . . . . . . . . . . . . .  SFR      DATA   U_CHAR   00CAH  1
_AT24C02_WriteByte . . . . . . . . . .  PUBLIC   CODE   PROC     0000H  -----
  WordAddress. . . . . . . . . . . . .  AUTO     DATA   U_CHAR   0000H  1
  Date . . . . . . . . . . . . . . . .  AUTO     DATA   INT      0001H  2
C_T2 . . . . . . . . . . . . . . . . .  ABSBIT   -----  BIT      00C9H  1
WR . . . . . . . . . . . . . . . . . .  ABSBIT   -----  BIT      00B6H  1
u8 . . . . . . . . . . . . . . . . . .  TYPEDEF  -----  U_CHAR   -----  1
RCLK . . . . . . . . . . . . . . . . .  ABSBIT   -----  BIT      00CDH  1
TCLK . . . . . . . . . . . . . . . . .  ABSBIT   -----  BIT      00CCH  1
I2C_Start. . . . . . . . . . . . . . .  EXTERN   CODE   PROC     -----  -----
SBUF . . . . . . . . . . . . . . . . .  SFR      DATA   U_CHAR   0099H  1
PCON . . . . . . . . . . . . . . . . .  SFR      DATA   U_CHAR   0087H  1
SCON . . . . . . . . . . . . . . . . .  SFR      DATA   U_CHAR   0098H  1
TMOD . . . . . . . . . . . . . . . . .  SFR      DATA   U_CHAR   0089H  1
TCON . . . . . . . . . . . . . . . . .  SFR      DATA   U_CHAR   0088H  1
I2C_SendAck. . . . . . . . . . . . . .  EXTERN   CODE   PROC     -----  -----
IE0. . . . . . . . . . . . . . . . . .  ABSBIT   -----  BIT      0089H  1
IE1. . . . . . . . . . . . . . . . . .  ABSBIT   -----  BIT      008BH  1
B. . . . . . . . . . . . . . . . . . .  SFR      DATA   U_CHAR   00F0H  1
_I2C_SendByte. . . . . . . . . . . . .  EXTERN   CODE   PROC     -----  -----
CP_RL2 . . . . . . . . . . . . . . . .  ABSBIT   -----  BIT      00C8H  1
I2C_Stop . . . . . . . . . . . . . . .  EXTERN   CODE   PROC     -----  -----
ACC. . . . . . . . . . . . . . . . . .  SFR      DATA   U_CHAR   00E0H  1
ET0. . . . . . . . . . . . . . . . . .  ABSBIT   -----  BIT      00A9H  1
ET1. . . . . . . . . . . . . . . . . .  ABSBIT   -----  BIT      00ABH  1
TF0. . . . . . . . . . . . . . . . . .  ABSBIT   -----  BIT      008DH  1
ET2. . . . . . . . . . . . . . . . . .  ABSBIT   -----  BIT      00ADH  1
TF1. . . . . . . . . . . . . . . . . .  ABSBIT   -----  BIT      008FH  1
TF2. . . . . . . . . . . . . . . . . .  ABSBIT   -----  BIT      00CFH  1
RB8. . . . . . . . . . . . . . . . . .  ABSBIT   -----  BIT      009AH  1
TH0. . . . . . . . . . . . . . . . . .  SFR      DATA   U_CHAR   008CH  1
EX0. . . . . . . . . . . . . . . . . .  ABSBIT   -----  BIT      00A8H  1
IT0. . . . . . . . . . . . . . . . . .  ABSBIT   -----  BIT      0088H  1
TH1. . . . . . . . . . . . . . . . . .  SFR      DATA   U_CHAR   008DH  1
EX1. . . . . . . . . . . . . . . . . .  ABSBIT   -----  BIT      00AAH  1
TB8. . . . . . . . . . . . . . . . . .  ABSBIT   -----  BIT      009BH  1
IT1. . . . . . . . . . . . . . . . . .  ABSBIT   -----  BIT      008AH  1
TH2. . . . . . . . . . . . . . . . . .  SFR      DATA   U_CHAR   00CDH  1
P. . . . . . . . . . . . . . . . . . .  ABSBIT   -----  BIT      00D0H  1
SM0. . . . . . . . . . . . . . . . . .  ABSBIT   -----  BIT      009FH  1
TL0. . . . . . . . . . . . . . . . . .  SFR      DATA   U_CHAR   008AH  1
SM1. . . . . . . . . . . . . . . . . .  ABSBIT   -----  BIT      009EH  1
TL1. . . . . . . . . . . . . . . . . .  SFR      DATA   U_CHAR   008BH  1
SM2. . . . . . . . . . . . . . . . . .  ABSBIT   -----  BIT      009DH  1
TL2. . . . . . . . . . . . . . . . . .  SFR      DATA   U_CHAR   00CCH  1
PT0. . . . . . . . . . . . . . . . . .  ABSBIT   -----  BIT      00B9H  1
RS0. . . . . . . . . . . . . . . . . .  ABSBIT   -----  BIT      00D3H  1
PT1. . . . . . . . . . . . . . . . . .  ABSBIT   -----  BIT      00BBH  1
RS1. . . . . . . . . . . . . . . . . .  ABSBIT   -----  BIT      00D4H  1
PT2. . . . . . . . . . . . . . . . . .  ABSBIT   -----  BIT      00BDH  1
TR0. . . . . . . . . . . . . . . . . .  ABSBIT   -----  BIT      008CH  1
TR1. . . . . . . . . . . . . . . . . .  ABSBIT   -----  BIT      008EH  1
TR2. . . . . . . . . . . . . . . . . .  ABSBIT   -----  BIT      00CAH  1
PX0. . . . . . . . . . . . . . . . . .  ABSBIT   -----  BIT      00B8H  1
PX1. . . . . . . . . . . . . . . . . .  ABSBIT   -----  BIT      00BAH  1
C51 COMPILER V9.54   AT24C02                                                               02/13/2022 23:28:28 PAGE 6   

NAME                                    CLASS   MSPACE  TYPE    OFFSET  SIZE
====                                    =====   ======  ====    ======  ====


u16. . . . . . . . . . . . . . . . . .  TYPEDEF  -----  U_INT    -----  2
DPH. . . . . . . . . . . . . . . . . .  SFR      DATA   U_CHAR   0083H  1
DPL. . . . . . . . . . . . . . . . . .  SFR      DATA   U_CHAR   0082H  1
EXEN2. . . . . . . . . . . . . . . . .  ABSBIT   -----  BIT      00CBH  1
REN. . . . . . . . . . . . . . . . . .  ABSBIT   -----  BIT      009CH  1
T2MOD. . . . . . . . . . . . . . . . .  SFR      DATA   U_CHAR   00C9H  1
T2CON. . . . . . . . . . . . . . . . .  SFR      DATA   U_CHAR   00C8H  1
RXD. . . . . . . . . . . . . . . . . .  ABSBIT   -----  BIT      00B0H  1
TXD. . . . . . . . . . . . . . . . . .  ABSBIT   -----  BIT      00B1H  1
F0 . . . . . . . . . . . . . . . . . .  ABSBIT   -----  BIT      00D5H  1
F1 . . . . . . . . . . . . . . . . . .  ABSBIT   -----  BIT      00D1H  1
I2C_ReceiveAck . . . . . . . . . . . .  EXTERN   CODE   PROC     -----  -----
PSW. . . . . . . . . . . . . . . . . .  SFR      DATA   U_CHAR   00D0H  1
I2C_ReceiveByte. . . . . . . . . . . .  EXTERN   CODE   PROC     -----  -----


MODULE INFORMATION:   STATIC OVERLAYABLE
   CODE SIZE        =     84    ----
   CONSTANT SIZE    =   ----    ----
   XDATA SIZE       =   ----    ----
   PDATA SIZE       =   ----    ----
   DATA SIZE        =   ----       5
   IDATA SIZE       =   ----    ----
   BIT SIZE         =   ----    ----
   EDATA SIZE       =   ----    ----
   HDATA SIZE       =   ----    ----
   XDATA CONST SIZE =   ----    ----
   FAR CONST SIZE   =   ----    ----
END OF MODULE INFORMATION.


C51 COMPILATION COMPLETE.  1 WARNING(S),  0 ERROR(S)
