C51 COMPILER V9.54   I2C                                                                   02/13/2022 21:12:14 PAGE 1   


C51 COMPILER V9.54, COMPILATION OF MODULE I2C
OBJECT MODULE PLACED IN .\build\Debug\src\I2C.o
COMPILER INVOKED BY: D:\Keil5\C51\BIN\C51.exe .\SRC\I2C.C PRINT(.\build\Debug\src\I2C.lst) OMF2 TABS(4) CODE NOCOND SYMB
                    -OLS OPTIMIZE(8,SPEED) SMALL ROM(LARGE) INCDIR(d:\Keil5\C51\INC\Atmel;D:\Keil5\C51\INC;.\src) DEFINE(__UVISION_VERSION=52
                    -6) OBJECT(.\build\Debug\src\I2C.o)

line level    source

   1          /**
   2           * @file I2C.c
   3           * @author Hanson 
   4           * @brief 实现I2C六种基本通讯
   5           * @version 0.1
   6           * @date 2022-02-13
   7           * 
   8           * @copyright Copyright (c) 2022
   9           * 
  10           */
  11          
  12          #include <REGX52.H>
  13          
  14          sbit I2C_SCL=P2^1;
  15          sbit I2C_SDA=P2^0;
  16          
  17          typedef unsigned char u8;
  18          typedef unsigned int u16;
  19          
  20          /**
  21           * @brief 起始条件
  22           * 
  23           */
  24          void I2C_Start(void)
  25          {
  26   1          I2C_SDA=1;
  27   1          I2C_SCL=1;
  28   1          I2C_SDA=0;
  29   1          I2C_SCL=0;
  30   1      }
  31          
  32          /**
  33           * @brief 终止条件
  34           * 
  35           */
  36          void I2C_Stop(void)
  37          {
  38   1          I2C_SDA=0;
  39   1          I2C_SCL=1;
  40   1          I2C_SDA=1;
  41   1      }
  42          
  43          /**
  44           * @brief 发送一个字节
  45           * 
  46           * @param Byte 要发送的一个字节
  47           */
  48          void I2C_SendByte(u8 Byte)
  49          {
  50   1          u8 i;
  51   1          for (i=0; i < 8; i++)
  52   1          {
  53   2              I2C_SDA=Byte&(0x80>>i);
C51 COMPILER V9.54   I2C                                                                   02/13/2022 21:12:14 PAGE 2   

  54   2              I2C_SCL=1;
  55   2              I2C_SCL=0;
  56   2          } 
  57   1      }
  58          
  59          /**
  60           * @brief 接受一个字节
  61           * 
  62           * @return u8 接受的数据
  63           */
  64          
  65          u8 I2C_ReceiveByte(void)
  66          {
  67   1          u8 i,Byte=0x00;
  68   1          I2C_SDA=1;
  69   1          for(i=0;i<8;i++)
  70   1          {
  71   2              I2C_SCL=1;
  72   2              if(I2C_SDA){Byte|=(0x80>>i);}
  73   2              I2C_SCL=0;
  74   2          }
  75   1          return Byte;
  76   1      }
  77          /**
  78           * @brief 由主机发送应答到从机，表示发出数据
  79           * 
  80           * @param AckBit 0或者1，bit为51特有类型类似于bool，0为有应答
  81           */
  82          void I2C_SendAck(bit AckBit)
  83          {
  84   1          I2C_SDA=AckBit;
  85   1          I2C_SCL=1;
  86   1          I2C_SCL=0;
  87   1      }
  88          /**
  89           * @brief 由从机发送应答到主机，表示收到数据
  90           * 
  91           * @return Ackbit 返回，0为有应答，1为无应答
  92           */
  93          u8 I2C_ReceivedAck(void)
  94          {
  95   1          u8 AckBit;
  96   1          I2C_SDA=1;//
  97   1          I2C_SCL=1;
  98   1          AckBit=I2C_SDA;
  99   1          I2C_SCL=0;
 100   1          return AckBit;
 101   1      }
C51 COMPILER V9.54   I2C                                                                   02/13/2022 21:12:14 PAGE 3   

ASSEMBLY LISTING OF GENERATED OBJECT CODE


             ; FUNCTION I2C_Start (BEGIN)
                                           ; SOURCE LINE # 24
                                           ; SOURCE LINE # 25
                                           ; SOURCE LINE # 26
0000 D2A0              SETB    I2C_SDA
                                           ; SOURCE LINE # 27
0002 D2A1              SETB    I2C_SCL
                                           ; SOURCE LINE # 28
0004 C2A0              CLR     I2C_SDA
                                           ; SOURCE LINE # 29
0006 C2A1              CLR     I2C_SCL
                                           ; SOURCE LINE # 30
0008 22                RET     
             ; FUNCTION I2C_Start (END)

             ; FUNCTION I2C_Stop (BEGIN)
                                           ; SOURCE LINE # 36
                                           ; SOURCE LINE # 37
                                           ; SOURCE LINE # 38
0000 C2A0              CLR     I2C_SDA
                                           ; SOURCE LINE # 39
0002 D2A1              SETB    I2C_SCL
                                           ; SOURCE LINE # 40
0004 D2A0              SETB    I2C_SDA
                                           ; SOURCE LINE # 41
0006 22                RET     
             ; FUNCTION I2C_Stop (END)

             ; FUNCTION _I2C_SendByte (BEGIN)
                                           ; SOURCE LINE # 48
;---- Variable 'Byte' assigned to Register 'R5' ----
0000 AD07              MOV     R5,AR7
                                           ; SOURCE LINE # 49
                                           ; SOURCE LINE # 51
;---- Variable 'i' assigned to Register 'R3' ----
0002 E4                CLR     A
0003 FB                MOV     R3,A
0004         ?C0003:
                                           ; SOURCE LINE # 52
                                           ; SOURCE LINE # 53
0004 7480              MOV     A,#080H
0006 7E00              MOV     R6,#00H
0008 A803              MOV     R0,AR3
000A 08                INC     R0
000B 8006              SJMP    ?C0015
000D         ?C0014:
000D CE                XCH     A,R6
000E A2E7              MOV     C,ACC.7
0010 13                RRC     A
0011 CE                XCH     A,R6
0012 13                RRC     A
0013         ?C0015:
0013 D8F8              DJNZ    R0,?C0014
0015 FF                MOV     R7,A
0016 ED                MOV     A,R5
0017 F582              MOV     DPL,A
0019 EF                MOV     A,R7
001A 5582              ANL     A,DPL
001C 24FF              ADD     A,#0FFH
C51 COMPILER V9.54   I2C                                                                   02/13/2022 21:12:14 PAGE 4   

001E 92A0              MOV     I2C_SDA,C
                                           ; SOURCE LINE # 54
0020 D2A1              SETB    I2C_SCL
                                           ; SOURCE LINE # 55
0022 C2A1              CLR     I2C_SCL
                                           ; SOURCE LINE # 56
0024 0B                INC     R3
0025 BB08DC            CJNE    R3,#08H,?C0003
                                           ; SOURCE LINE # 57
0028         ?C0006:
0028 22                RET     
             ; FUNCTION _I2C_SendByte (END)

             ; FUNCTION I2C_ReceiveByte (BEGIN)
                                           ; SOURCE LINE # 65
                                           ; SOURCE LINE # 66
                                           ; SOURCE LINE # 67
;---- Variable 'Byte' assigned to Register 'R7' ----
0000 E4                CLR     A
0001 FF                MOV     R7,A
                                           ; SOURCE LINE # 68
0002 D2A0              SETB    I2C_SDA
                                           ; SOURCE LINE # 69
;---- Variable 'i' assigned to Register 'R6' ----
0004 FE                MOV     R6,A
0005         ?C0007:
                                           ; SOURCE LINE # 70
                                           ; SOURCE LINE # 71
0005 D2A1              SETB    I2C_SCL
                                           ; SOURCE LINE # 72
0007 30A00D            JNB     I2C_SDA,?C0010
000A 7480              MOV     A,#080H
000C A806              MOV     R0,AR6
000E 08                INC     R0
000F 8002              SJMP    ?C0017
0011         ?C0016:
0011 C3                CLR     C
0012 13                RRC     A
0013         ?C0017:
0013 D8FC              DJNZ    R0,?C0016
0015 4207              ORL     AR7,A
0017         ?C0010:
                                           ; SOURCE LINE # 73
0017 C2A1              CLR     I2C_SCL
                                           ; SOURCE LINE # 74
0019 0E                INC     R6
001A BE08E8            CJNE    R6,#08H,?C0007
001D         ?C0008:
                                           ; SOURCE LINE # 75
                                           ; SOURCE LINE # 76
001D         ?C0011:
001D 22                RET     
             ; FUNCTION I2C_ReceiveByte (END)

             ; FUNCTION I2C_SendAck (BEGIN)
                                           ; SOURCE LINE # 82
                                           ; SOURCE LINE # 83
                                           ; SOURCE LINE # 84
0000 A200        R     MOV     C,AckBit
0002 92A0              MOV     I2C_SDA,C
                                           ; SOURCE LINE # 85
0004 D2A1              SETB    I2C_SCL
C51 COMPILER V9.54   I2C                                                                   02/13/2022 21:12:14 PAGE 5   

                                           ; SOURCE LINE # 86
0006 C2A1              CLR     I2C_SCL
                                           ; SOURCE LINE # 87
0008 22                RET     
             ; FUNCTION I2C_SendAck (END)

             ; FUNCTION I2C_ReceivedAck (BEGIN)
                                           ; SOURCE LINE # 93
                                           ; SOURCE LINE # 94
                                           ; SOURCE LINE # 96
0000 D2A0              SETB    I2C_SDA
                                           ; SOURCE LINE # 97
0002 D2A1              SETB    I2C_SCL
                                           ; SOURCE LINE # 98
0004 A2A0              MOV     C,I2C_SDA
0006 E4                CLR     A
0007 33                RLC     A
0008 FF                MOV     R7,A
;---- Variable 'AckBit' assigned to Register 'R7' ----
                                           ; SOURCE LINE # 99
0009 C2A1              CLR     I2C_SCL
                                           ; SOURCE LINE # 100
                                           ; SOURCE LINE # 101
000B         ?C0013:
000B 22                RET     
             ; FUNCTION I2C_ReceivedAck (END)

C51 COMPILER V9.54   I2C                                                                   02/13/2022 21:12:14 PAGE 6   

NAME                                    CLASS   MSPACE  TYPE    OFFSET  SIZE
====                                    =====   ======  ====    ======  ====


P0 . . . . . . . . . . . . . . . . . .  SFR      DATA   U_CHAR   0080H  1
P1 . . . . . . . . . . . . . . . . . .  SFR      DATA   U_CHAR   0090H  1
I2C_SCL. . . . . . . . . . . . . . . .  ABSBIT   -----  BIT      00A1H  1
P2 . . . . . . . . . . . . . . . . . .  SFR      DATA   U_CHAR   00A0H  1
P3 . . . . . . . . . . . . . . . . . .  SFR      DATA   U_CHAR   00B0H  1
AC . . . . . . . . . . . . . . . . . .  ABSBIT   -----  BIT      00D6H  1
T0 . . . . . . . . . . . . . . . . . .  ABSBIT   -----  BIT      00B4H  1
T1 . . . . . . . . . . . . . . . . . .  ABSBIT   -----  BIT      00B5H  1
EA . . . . . . . . . . . . . . . . . .  ABSBIT   -----  BIT      00AFH  1
T2 . . . . . . . . . . . . . . . . . .  ABSBIT   -----  BIT      0090H  1
IE . . . . . . . . . . . . . . . . . .  SFR      DATA   U_CHAR   00A8H  1
P0_0 . . . . . . . . . . . . . . . . .  ABSBIT   -----  BIT      0080H  1
P1_0 . . . . . . . . . . . . . . . . .  ABSBIT   -----  BIT      0090H  1
P0_1 . . . . . . . . . . . . . . . . .  ABSBIT   -----  BIT      0081H  1
P2_0 . . . . . . . . . . . . . . . . .  ABSBIT   -----  BIT      00A0H  1
P1_1 . . . . . . . . . . . . . . . . .  ABSBIT   -----  BIT      0091H  1
P0_2 . . . . . . . . . . . . . . . . .  ABSBIT   -----  BIT      0082H  1
P3_0 . . . . . . . . . . . . . . . . .  ABSBIT   -----  BIT      00B0H  1
P2_1 . . . . . . . . . . . . . . . . .  ABSBIT   -----  BIT      00A1H  1
P1_2 . . . . . . . . . . . . . . . . .  ABSBIT   -----  BIT      0092H  1
P0_3 . . . . . . . . . . . . . . . . .  ABSBIT   -----  BIT      0083H  1
P3_1 . . . . . . . . . . . . . . . . .  ABSBIT   -----  BIT      00B1H  1
P2_2 . . . . . . . . . . . . . . . . .  ABSBIT   -----  BIT      00A2H  1
P1_3 . . . . . . . . . . . . . . . . .  ABSBIT   -----  BIT      0093H  1
P0_4 . . . . . . . . . . . . . . . . .  ABSBIT   -----  BIT      0084H  1
P3_2 . . . . . . . . . . . . . . . . .  ABSBIT   -----  BIT      00B2H  1
P2_3 . . . . . . . . . . . . . . . . .  ABSBIT   -----  BIT      00A3H  1
P1_4 . . . . . . . . . . . . . . . . .  ABSBIT   -----  BIT      0094H  1
P0_5 . . . . . . . . . . . . . . . . .  ABSBIT   -----  BIT      0085H  1
EXF2 . . . . . . . . . . . . . . . . .  ABSBIT   -----  BIT      00CEH  1
RD . . . . . . . . . . . . . . . . . .  ABSBIT   -----  BIT      00B7H  1
P3_3 . . . . . . . . . . . . . . . . .  ABSBIT   -----  BIT      00B3H  1
P2_4 . . . . . . . . . . . . . . . . .  ABSBIT   -----  BIT      00A4H  1
P1_5 . . . . . . . . . . . . . . . . .  ABSBIT   -----  BIT      0095H  1
P0_6 . . . . . . . . . . . . . . . . .  ABSBIT   -----  BIT      0086H  1
P3_4 . . . . . . . . . . . . . . . . .  ABSBIT   -----  BIT      00B4H  1
P2_5 . . . . . . . . . . . . . . . . .  ABSBIT   -----  BIT      00A5H  1
P1_6 . . . . . . . . . . . . . . . . .  ABSBIT   -----  BIT      0096H  1
P0_7 . . . . . . . . . . . . . . . . .  ABSBIT   -----  BIT      0087H  1
P3_5 . . . . . . . . . . . . . . . . .  ABSBIT   -----  BIT      00B5H  1
ES . . . . . . . . . . . . . . . . . .  ABSBIT   -----  BIT      00ACH  1
P2_6 . . . . . . . . . . . . . . . . .  ABSBIT   -----  BIT      00A6H  1
P1_7 . . . . . . . . . . . . . . . . .  ABSBIT   -----  BIT      0097H  1
P3_6 . . . . . . . . . . . . . . . . .  ABSBIT   -----  BIT      00B6H  1
P2_7 . . . . . . . . . . . . . . . . .  ABSBIT   -----  BIT      00A7H  1
IP . . . . . . . . . . . . . . . . . .  SFR      DATA   U_CHAR   00B8H  1
P3_7 . . . . . . . . . . . . . . . . .  ABSBIT   -----  BIT      00B7H  1
RI . . . . . . . . . . . . . . . . . .  ABSBIT   -----  BIT      0098H  1
CY . . . . . . . . . . . . . . . . . .  ABSBIT   -----  BIT      00D7H  1
INT0 . . . . . . . . . . . . . . . . .  ABSBIT   -----  BIT      00B2H  1
INT1 . . . . . . . . . . . . . . . . .  ABSBIT   -----  BIT      00B3H  1
TI . . . . . . . . . . . . . . . . . .  ABSBIT   -----  BIT      0099H  1
RCAP2H . . . . . . . . . . . . . . . .  SFR      DATA   U_CHAR   00CBH  1
PS . . . . . . . . . . . . . . . . . .  ABSBIT   -----  BIT      00BCH  1
SP . . . . . . . . . . . . . . . . . .  SFR      DATA   U_CHAR   0081H  1
T2EX . . . . . . . . . . . . . . . . .  ABSBIT   -----  BIT      0091H  1
OV . . . . . . . . . . . . . . . . . .  ABSBIT   -----  BIT      00D2H  1
C51 COMPILER V9.54   I2C                                                                   02/13/2022 21:12:14 PAGE 7   

NAME                                    CLASS   MSPACE  TYPE    OFFSET  SIZE
====                                    =====   ======  ====    ======  ====


RCAP2L . . . . . . . . . . . . . . . .  SFR      DATA   U_CHAR   00CAH  1
C_T2 . . . . . . . . . . . . . . . . .  ABSBIT   -----  BIT      00C9H  1
WR . . . . . . . . . . . . . . . . . .  ABSBIT   -----  BIT      00B6H  1
u8 . . . . . . . . . . . . . . . . . .  TYPEDEF  -----  U_CHAR   -----  1
RCLK . . . . . . . . . . . . . . . . .  ABSBIT   -----  BIT      00CDH  1
TCLK . . . . . . . . . . . . . . . . .  ABSBIT   -----  BIT      00CCH  1
I2C_Start. . . . . . . . . . . . . . .  PUBLIC   CODE   PROC     0000H  -----
SBUF . . . . . . . . . . . . . . . . .  SFR      DATA   U_CHAR   0099H  1
PCON . . . . . . . . . . . . . . . . .  SFR      DATA   U_CHAR   0087H  1
SCON . . . . . . . . . . . . . . . . .  SFR      DATA   U_CHAR   0098H  1
TMOD . . . . . . . . . . . . . . . . .  SFR      DATA   U_CHAR   0089H  1
TCON . . . . . . . . . . . . . . . . .  SFR      DATA   U_CHAR   0088H  1
I2C_SendAck. . . . . . . . . . . . . .  PUBLIC   CODE   PROC     0000H  -----
  AckBit . . . . . . . . . . . . . . .  AUTO     DATA   BIT      0000H  1
IE0. . . . . . . . . . . . . . . . . .  ABSBIT   -----  BIT      0089H  1
IE1. . . . . . . . . . . . . . . . . .  ABSBIT   -----  BIT      008BH  1
B. . . . . . . . . . . . . . . . . . .  SFR      DATA   U_CHAR   00F0H  1
_I2C_SendByte. . . . . . . . . . . . .  PUBLIC   CODE   PROC     0000H  -----
  Byte . . . . . . . . . . . . . . . .  * REG *  DATA   U_CHAR   0005H  1
  i. . . . . . . . . . . . . . . . . .  * REG *  DATA   U_CHAR   0003H  1
CP_RL2 . . . . . . . . . . . . . . . .  ABSBIT   -----  BIT      00C8H  1
I2C_Stop . . . . . . . . . . . . . . .  PUBLIC   CODE   PROC     0000H  -----
ACC. . . . . . . . . . . . . . . . . .  SFR      DATA   U_CHAR   00E0H  1
ET0. . . . . . . . . . . . . . . . . .  ABSBIT   -----  BIT      00A9H  1
ET1. . . . . . . . . . . . . . . . . .  ABSBIT   -----  BIT      00ABH  1
TF0. . . . . . . . . . . . . . . . . .  ABSBIT   -----  BIT      008DH  1
ET2. . . . . . . . . . . . . . . . . .  ABSBIT   -----  BIT      00ADH  1
TF1. . . . . . . . . . . . . . . . . .  ABSBIT   -----  BIT      008FH  1
TF2. . . . . . . . . . . . . . . . . .  ABSBIT   -----  BIT      00CFH  1
RB8. . . . . . . . . . . . . . . . . .  ABSBIT   -----  BIT      009AH  1
TH0. . . . . . . . . . . . . . . . . .  SFR      DATA   U_CHAR   008CH  1
EX0. . . . . . . . . . . . . . . . . .  ABSBIT   -----  BIT      00A8H  1
IT0. . . . . . . . . . . . . . . . . .  ABSBIT   -----  BIT      0088H  1
TH1. . . . . . . . . . . . . . . . . .  SFR      DATA   U_CHAR   008DH  1
EX1. . . . . . . . . . . . . . . . . .  ABSBIT   -----  BIT      00AAH  1
TB8. . . . . . . . . . . . . . . . . .  ABSBIT   -----  BIT      009BH  1
IT1. . . . . . . . . . . . . . . . . .  ABSBIT   -----  BIT      008AH  1
TH2. . . . . . . . . . . . . . . . . .  SFR      DATA   U_CHAR   00CDH  1
P. . . . . . . . . . . . . . . . . . .  ABSBIT   -----  BIT      00D0H  1
SM0. . . . . . . . . . . . . . . . . .  ABSBIT   -----  BIT      009FH  1
TL0. . . . . . . . . . . . . . . . . .  SFR      DATA   U_CHAR   008AH  1
SM1. . . . . . . . . . . . . . . . . .  ABSBIT   -----  BIT      009EH  1
TL1. . . . . . . . . . . . . . . . . .  SFR      DATA   U_CHAR   008BH  1
SM2. . . . . . . . . . . . . . . . . .  ABSBIT   -----  BIT      009DH  1
TL2. . . . . . . . . . . . . . . . . .  SFR      DATA   U_CHAR   00CCH  1
PT0. . . . . . . . . . . . . . . . . .  ABSBIT   -----  BIT      00B9H  1
RS0. . . . . . . . . . . . . . . . . .  ABSBIT   -----  BIT      00D3H  1
PT1. . . . . . . . . . . . . . . . . .  ABSBIT   -----  BIT      00BBH  1
RS1. . . . . . . . . . . . . . . . . .  ABSBIT   -----  BIT      00D4H  1
PT2. . . . . . . . . . . . . . . . . .  ABSBIT   -----  BIT      00BDH  1
TR0. . . . . . . . . . . . . . . . . .  ABSBIT   -----  BIT      008CH  1
TR1. . . . . . . . . . . . . . . . . .  ABSBIT   -----  BIT      008EH  1
TR2. . . . . . . . . . . . . . . . . .  ABSBIT   -----  BIT      00CAH  1
PX0. . . . . . . . . . . . . . . . . .  ABSBIT   -----  BIT      00B8H  1
PX1. . . . . . . . . . . . . . . . . .  ABSBIT   -----  BIT      00BAH  1
I2C_ReceivedAck. . . . . . . . . . . .  PUBLIC   CODE   PROC     0000H  -----
  AckBit . . . . . . . . . . . . . . .  * REG *  DATA   U_CHAR   0007H  1
C51 COMPILER V9.54   I2C                                                                   02/13/2022 21:12:14 PAGE 8   

NAME                                    CLASS   MSPACE  TYPE    OFFSET  SIZE
====                                    =====   ======  ====    ======  ====


u16. . . . . . . . . . . . . . . . . .  TYPEDEF  -----  U_INT    -----  2
DPH. . . . . . . . . . . . . . . . . .  SFR      DATA   U_CHAR   0083H  1
DPL. . . . . . . . . . . . . . . . . .  SFR      DATA   U_CHAR   0082H  1
EXEN2. . . . . . . . . . . . . . . . .  ABSBIT   -----  BIT      00CBH  1
REN. . . . . . . . . . . . . . . . . .  ABSBIT   -----  BIT      009CH  1
T2MOD. . . . . . . . . . . . . . . . .  SFR      DATA   U_CHAR   00C9H  1
T2CON. . . . . . . . . . . . . . . . .  SFR      DATA   U_CHAR   00C8H  1
RXD. . . . . . . . . . . . . . . . . .  ABSBIT   -----  BIT      00B0H  1
TXD. . . . . . . . . . . . . . . . . .  ABSBIT   -----  BIT      00B1H  1
F0 . . . . . . . . . . . . . . . . . .  ABSBIT   -----  BIT      00D5H  1
F1 . . . . . . . . . . . . . . . . . .  ABSBIT   -----  BIT      00D1H  1
I2C_SDA. . . . . . . . . . . . . . . .  ABSBIT   -----  BIT      00A0H  1
PSW. . . . . . . . . . . . . . . . . .  SFR      DATA   U_CHAR   00D0H  1
I2C_ReceiveByte. . . . . . . . . . . .  PUBLIC   CODE   PROC     0000H  -----
  i. . . . . . . . . . . . . . . . . .  * REG *  DATA   U_CHAR   0006H  1
  Byte . . . . . . . . . . . . . . . .  * REG *  DATA   U_CHAR   0007H  1


MODULE INFORMATION:   STATIC OVERLAYABLE
   CODE SIZE        =    108    ----
   CONSTANT SIZE    =   ----    ----
   XDATA SIZE       =   ----    ----
   PDATA SIZE       =   ----    ----
   DATA SIZE        =   ----    ----
   IDATA SIZE       =   ----    ----
   BIT SIZE         =   ----       1
   EDATA SIZE       =   ----    ----
   HDATA SIZE       =   ----    ----
   XDATA CONST SIZE =   ----    ----
   FAR CONST SIZE   =   ----    ----
END OF MODULE INFORMATION.


C51 COMPILATION COMPLETE.  0 WARNING(S),  0 ERROR(S)
