C51 COMPILER V9.54   MAIN                                                                  02/11/2022 20:38:23 PAGE 1   


C51 COMPILER V9.54, COMPILATION OF MODULE MAIN
OBJECT MODULE PLACED IN .\build\Debug\main.o
COMPILER INVOKED BY: D:\Keil5\C51\BIN\C51.exe .\MAIN.C PRINT(.\build\Debug\main.lst) OMF2 TABS(4) CODE NOCOND SYMBOLS OP
                    -TIMIZE(8,SPEED) SMALL ROM(LARGE) INCDIR(d:\Keil5\C51\INC\Atmel;D:\Keil5\C51\INC) DEFINE(__UVISION_VERSION=526) OBJECT(.\
                    -build\Debug\main.o)

line level    source

   1          #include <REGX52.H>
   2          #include "LCD1602.h"
   3          #include "DS1302.h"
   4          #include "Timer0.h"
   5          #include "Key.h"
   6          #include "Delay.h"
   7          
   8          #define unsigned char u8;
   9          #define int  u16;
  10          
  11          u8 Keynum,MODEL,TimeSetSelect,TimeSetFlashFlag=0;
  12          
  13          
  14          /**
  15           * @brief 设置时间函数
  16           * 
  17           */
  18          void SetNum()
  19          {
  20   1          if(Keynum==2)
  21   1          {
  22   2              TimeSetSelect++;
  23   2              TimeSetSelect%=6;
  24   2          }
  25   1          if(Keynum==3)//加
  26   1          {
  27   2              DS1302_Times[TimeSetSelect]++;
  28   2              if(DS1302_Times[0]>99){DS1302_Times[0]=0;}//年
  29   2              if(DS1302_Times[1]>12){DS1302_Times[1]=1;}//月
  30   2              if(DS1302_Times[1]==1||DS1302_Times[1]==3||DS1302_Times[1]==5||DS1302_Times[1]==7
  31   2              ||DS1302_Times[1]==8||DS1302_Times[1]==10||DS1302_Times[1]==12)
  32   2              {
  33   3                  if(DS1302_Times[2]>31){DS1302_Times[2]=0;}
  34   3              }
  35   2              else if(DS1302_Times[1]==4||DS1302_Times[1]==6||DS1302_Times[1]==9
  36   2              ||DS1302_Times[1]==11)
  37   2              {
  38   3                  if(DS1302_Times[2]>30){DS1302_Times[2]=0;}
  39   3              }
  40   2              else if(DS1302_Times[1]==2)
  41   2              {
  42   3                  if(DS1302_Times[0]%4==0)//闰年
  43   3                  {
  44   4                      if(DS1302_Times[2]>29){DS1302_Times[2]=1;}
  45   4                  }
  46   3                  else//非闰年
  47   3                  {
  48   4                      if(DS1302_Times[2]>28){DS1302_Times[2]=1;}
  49   4                  }
  50   3              }//日判断
  51   2              if(DS1302_Times[3]>23){DS1302_Times[3]=1;}//时
  52   2              if(DS1302_Times[4]>59){DS1302_Times[4]=0;}//分
  53   2              if(DS1302_Times[5]>59){DS1302_Times[5]=0;}//秒
C51 COMPILER V9.54   MAIN                                                                  02/11/2022 20:38:23 PAGE 2   

  54   2          }
  55   1          if(Keynum==4)//减
  56   1          {
  57   2              DS1302_Times[TimeSetSelect]--;
  58   2              if(DS1302_Times[0]==255){DS1302_Times[0]=99;}//年
  59   2              if(DS1302_Times[1]==255){DS1302_Times[1]=12;}//月
  60   2              if(DS1302_Times[1]==1||DS1302_Times[1]==3||DS1302_Times[1]==5||DS1302_Times[1]==7
  61   2              ||DS1302_Times[1]==8||DS1302_Times[1]==10||DS1302_Times[1]==12)
  62   2              {
  63   3                  if(DS1302_Times[2]>31&&DS1302_Times[2]<255){DS1302_Times[2]=1;}
  64   3                  if(DS1302_Times[2]==255){DS1302_Times[2]=31;}
  65   3              }
  66   2              else if(DS1302_Times[1]==4||DS1302_Times[1]==6||DS1302_Times[1]==9
  67   2              ||DS1302_Times[1]==11)
  68   2              {
  69   3                  if(DS1302_Times[2]>30&&DS1302_Times[2]<255){DS1302_Times[2]=1;}
  70   3                  if(DS1302_Times[2]==255){DS1302_Times[2]=30;}
  71   3              }
  72   2              else if(DS1302_Times[1]==2)
  73   2              {
  74   3                  if(DS1302_Times[0]%4==0)//闰年
  75   3                  {
  76   4                      if(DS1302_Times[2]>29&&DS1302_Times[2]<255){DS1302_Times[2]=1;}
  77   4                      if(DS1302_Times[2]==255){DS1302_Times[2]=29;}
  78   4                  }
  79   3                  else//非闰年
  80   3                  {
  81   4                      if(DS1302_Times[2]>28&&DS1302_Times[2]<255){DS1302_Times[2]=1;}
  82   4                      if(DS1302_Times[2]==255){DS1302_Times[2]=28;}
  83   4                  }
  84   3              }//日判断
  85   2              if(DS1302_Times[3]==255){DS1302_Times[3]=1;}//时
  86   2              if(DS1302_Times[4]==255){DS1302_Times[4]=0;}//分
  87   2              if(DS1302_Times[5]==255){DS1302_Times[5]=0;}//秒
  88   2          }
  89   1          if(TimeSetSelect==0&&TimeSetFlashFlag==0){LCD_ShowString(1,1,"  ");}
  90   1          else{LCD_ShowNum(1,1,DS1302_Times[0],2);}
  91   1          if(TimeSetSelect==1&&TimeSetFlashFlag==0){LCD_ShowString(1,4,"  ");}
  92   1          else{LCD_ShowNum(1,4,DS1302_Times[1],2);}
  93   1          if(TimeSetSelect==2&&TimeSetFlashFlag==0){LCD_ShowString(1,7,"  ");}
  94   1          else{LCD_ShowNum(1,7,DS1302_Times[2],2);}
  95   1          if(TimeSetSelect==3&&TimeSetFlashFlag==0){LCD_ShowString(2,1,"  ");}
  96   1          else{LCD_ShowNum(2,1,DS1302_Times[3],2);}
  97   1          if(TimeSetSelect==4&&TimeSetFlashFlag==0){LCD_ShowString(2,4,"  ");}
  98   1          else{LCD_ShowNum(2,4,DS1302_Times[4],2);}
  99   1          if(TimeSetSelect==5&&TimeSetFlashFlag==0){LCD_ShowString(2,7,"  ");}
 100   1          else{LCD_ShowNum(2,7,DS1302_Times[5],2);}
 101   1      }
 102          
 103          /**
 104           * @brief 将显示时间
 105           * 
 106           */
 107          
 108          void ShowNum()
 109          {   
 110   1          DS1302_ReadTime();
 111   1          LCD_ShowString(1,1,"  -  -  ");//静态字符初始化显示
 112   1          LCD_ShowString(2,1,"  :  :  ");
 113   1          LCD_ShowNum(1,1,DS1302_Times[0],2);
 114   1          LCD_ShowNum(1,4,DS1302_Times[1],2);
 115   1          LCD_ShowNum(1,7,DS1302_Times[2],2);
C51 COMPILER V9.54   MAIN                                                                  02/11/2022 20:38:23 PAGE 3   

 116   1          LCD_ShowNum(2,1,DS1302_Times[3],2);
 117   1          LCD_ShowNum(2,4,DS1302_Times[4],2);
 118   1          LCD_ShowNum(2,7,DS1302_Times[5],2);
 119   1      }
 120          
 121          void main()
 122          {
 123   1          LCD_Init();
 124   1          DS1302_Init();
 125   1          LCD_ShowString(1,1,"  -  -  ");//静态字符初始化显示
 126   1          LCD_ShowString(2,1,"  :  :  ");
 127   1          DS1302_SetTime();//设置时间
 128   1          Timer0Init();
 129   1          while(1)
 130   1          {
 131   2              //DS1302_ReadTime();
 132   2              Keynum= Key();
 133   2              if(Keynum==1)
 134   2              {
 135   3                if(MODEL==0){MODEL=1;}
 136   3                else if(MODEL==1){MODEL=0;DS1302_SetTime();}   
 137   3              }
 138   2              switch (MODEL)
 139   2              {
 140   3                  case 0:ShowNum();break;
 141   3                  case 1:SetNum();break;
 142   3              }
 143   2          }   
 144   1      } 
 145          
 146          void Timer0_Routine() interrupt 1
 147          {
 148   1          static u16  T0Count;
 149   1          TL0 = 0x18;     //设置定时初值
 150   1          TH0 = 0xFC;     //设置定时初值
 151   1          T0Count++;
 152   1          if(T0Count>=500)
 153   1          {
 154   2              T0Count=0;
 155   2              TimeSetFlashFlag=!TimeSetFlashFlag;
 156   2          }
 157   1      }
C51 COMPILER V9.54   MAIN                                                                  02/11/2022 20:38:23 PAGE 4   

ASSEMBLY LISTING OF GENERATED OBJECT CODE


             ; FUNCTION SetNum (BEGIN)
                                           ; SOURCE LINE # 18
                                           ; SOURCE LINE # 19
                                           ; SOURCE LINE # 20
0000 E500        R     MOV     A,Keynum
0002 B4020B            CJNE    A,#02H,?C0001
                                           ; SOURCE LINE # 21
                                           ; SOURCE LINE # 22
0005 0500        R     INC     TimeSetSelect
                                           ; SOURCE LINE # 23
0007 E500        R     MOV     A,TimeSetSelect
0009 75F006            MOV     B,#06H
000C 84                DIV     AB
000D 85F000      R     MOV     TimeSetSelect,B
                                           ; SOURCE LINE # 24
0010         ?C0001:
                                           ; SOURCE LINE # 25
0010 E500        R     MOV     A,Keynum
0012 6403              XRL     A,#03H
0014 6003              JZ      $ + 5H
0016 020000      R     LJMP    ?C0002
                                           ; SOURCE LINE # 26
                                           ; SOURCE LINE # 27
0019 7400        E     MOV     A,#LOW DS1302_Times
001B 2500        R     ADD     A,TimeSetSelect
001D F8                MOV     R0,A
001E 06                INC     @R0
                                           ; SOURCE LINE # 28
001F E500        E     MOV     A,DS1302_Times
0021 D3                SETB    C
0022 9463              SUBB    A,#063H
0024 4003              JC      ?C0003
0026 E4                CLR     A
0027 F500        E     MOV     DS1302_Times,A
0029         ?C0003:
                                           ; SOURCE LINE # 29
0029 E500        E     MOV     A,DS1302_Times+01H
002B D3                SETB    C
002C 940C              SUBB    A,#0CH
002E 4003              JC      ?C0004
0030 750001      E     MOV     DS1302_Times+01H,#01H
0033         ?C0004:
                                           ; SOURCE LINE # 30
0033 E500        E     MOV     A,DS1302_Times+01H
0035 6401              XRL     A,#01H
0037 6023              JZ      ?C0006
0039 E500        E     MOV     A,DS1302_Times+01H
003B 6403              XRL     A,#03H
003D 601D              JZ      ?C0006
003F E500        E     MOV     A,DS1302_Times+01H
0041 6405              XRL     A,#05H
0043 6017              JZ      ?C0006
0045 E500        E     MOV     A,DS1302_Times+01H
0047 6407              XRL     A,#07H
0049 6011              JZ      ?C0006
004B E500        E     MOV     A,DS1302_Times+01H
004D 6408              XRL     A,#08H
004F 600B              JZ      ?C0006
0051 E500        E     MOV     A,DS1302_Times+01H
C51 COMPILER V9.54   MAIN                                                                  02/11/2022 20:38:23 PAGE 5   

0053 640A              XRL     A,#0AH
0055 6005              JZ      ?C0006
0057 E500        E     MOV     A,DS1302_Times+01H
0059 B40C09            CJNE    A,#0CH,?C0005
005C         ?C0006:
                                           ; SOURCE LINE # 32
                                           ; SOURCE LINE # 33
005C E500        E     MOV     A,DS1302_Times+02H
005E D3                SETB    C
005F 941F              SUBB    A,#01FH
0061 4043              JC      ?C0008
                                           ; SOURCE LINE # 34
0063 801E              SJMP    ?C0073
0065         ?C0005:
                                           ; SOURCE LINE # 35
0065 E500        E     MOV     A,DS1302_Times+01H
0067 6404              XRL     A,#04H
0069 6011              JZ      ?C0010
006B E500        E     MOV     A,DS1302_Times+01H
006D 6406              XRL     A,#06H
006F 600B              JZ      ?C0010
0071 E500        E     MOV     A,DS1302_Times+01H
0073 6409              XRL     A,#09H
0075 6005              JZ      ?C0010
0077 E500        E     MOV     A,DS1302_Times+01H
0079 B40B0C            CJNE    A,#0BH,?C0009
007C         ?C0010:
                                           ; SOURCE LINE # 37
                                           ; SOURCE LINE # 38
007C E500        E     MOV     A,DS1302_Times+02H
007E D3                SETB    C
007F 941E              SUBB    A,#01EH
0081 4023              JC      ?C0008
0083         ?C0073:
0083 E4                CLR     A
0084 F500        E     MOV     DS1302_Times+02H,A
                                           ; SOURCE LINE # 39
0086 801E              SJMP    ?C0008
0088         ?C0009:
                                           ; SOURCE LINE # 40
0088 E500        E     MOV     A,DS1302_Times+01H
008A B40219            CJNE    A,#02H,?C0008
                                           ; SOURCE LINE # 41
                                           ; SOURCE LINE # 42
008D E500        E     MOV     A,DS1302_Times
008F 5403              ANL     A,#03H
0091 7009              JNZ     ?C0014
                                           ; SOURCE LINE # 43
                                           ; SOURCE LINE # 44
0093 E500        E     MOV     A,DS1302_Times+02H
0095 D3                SETB    C
0096 941D              SUBB    A,#01DH
0098 400C              JC      ?C0008
                                           ; SOURCE LINE # 45
009A 8007              SJMP    ?C0074
009C         ?C0014:
                                           ; SOURCE LINE # 47
                                           ; SOURCE LINE # 48
009C E500        E     MOV     A,DS1302_Times+02H
009E D3                SETB    C
009F 941C              SUBB    A,#01CH
00A1 4003              JC      ?C0008
C51 COMPILER V9.54   MAIN                                                                  02/11/2022 20:38:23 PAGE 6   

00A3         ?C0074:
00A3 750001      E     MOV     DS1302_Times+02H,#01H
                                           ; SOURCE LINE # 49
                                           ; SOURCE LINE # 50
00A6         ?C0008:
                                           ; SOURCE LINE # 51
00A6 E500        E     MOV     A,DS1302_Times+03H
00A8 D3                SETB    C
00A9 9417              SUBB    A,#017H
00AB 4003              JC      ?C0018
00AD 750001      E     MOV     DS1302_Times+03H,#01H
00B0         ?C0018:
                                           ; SOURCE LINE # 52
00B0 E500        E     MOV     A,DS1302_Times+04H
00B2 D3                SETB    C
00B3 943B              SUBB    A,#03BH
00B5 4003              JC      ?C0019
00B7 E4                CLR     A
00B8 F500        E     MOV     DS1302_Times+04H,A
00BA         ?C0019:
                                           ; SOURCE LINE # 53
00BA E500        E     MOV     A,DS1302_Times+05H
00BC D3                SETB    C
00BD 943B              SUBB    A,#03BH
00BF 4003              JC      ?C0002
00C1 E4                CLR     A
00C2 F500        E     MOV     DS1302_Times+05H,A
                                           ; SOURCE LINE # 54
00C4         ?C0002:
                                           ; SOURCE LINE # 55
00C4 E500        R     MOV     A,Keynum
00C6 6404              XRL     A,#04H
00C8 6003              JZ      $ + 5H
00CA 020000      R     LJMP    ?C0021
                                           ; SOURCE LINE # 56
                                           ; SOURCE LINE # 57
00CD 7400        E     MOV     A,#LOW DS1302_Times
00CF 2500        R     ADD     A,TimeSetSelect
00D1 F8                MOV     R0,A
00D2 16                DEC     @R0
                                           ; SOURCE LINE # 58
00D3 E500        E     MOV     A,DS1302_Times
00D5 B4FF03            CJNE    A,#0FFH,?C0022
00D8 750063      E     MOV     DS1302_Times,#063H
00DB         ?C0022:
                                           ; SOURCE LINE # 59
00DB E500        E     MOV     A,DS1302_Times+01H
00DD B4FF03            CJNE    A,#0FFH,?C0023
00E0 75000C      E     MOV     DS1302_Times+01H,#0CH
00E3         ?C0023:
                                           ; SOURCE LINE # 60
00E3 E500        E     MOV     A,DS1302_Times+01H
00E5 6401              XRL     A,#01H
00E7 6023              JZ      ?C0025
00E9 E500        E     MOV     A,DS1302_Times+01H
00EB 6403              XRL     A,#03H
00ED 601D              JZ      ?C0025
00EF E500        E     MOV     A,DS1302_Times+01H
00F1 6405              XRL     A,#05H
00F3 6017              JZ      ?C0025
00F5 E500        E     MOV     A,DS1302_Times+01H
00F7 6407              XRL     A,#07H
C51 COMPILER V9.54   MAIN                                                                  02/11/2022 20:38:23 PAGE 7   

00F9 6011              JZ      ?C0025
00FB E500        E     MOV     A,DS1302_Times+01H
00FD 6408              XRL     A,#08H
00FF 600B              JZ      ?C0025
0101 E500        E     MOV     A,DS1302_Times+01H
0103 640A              XRL     A,#0AH
0105 6005              JZ      ?C0025
0107 E500        E     MOV     A,DS1302_Times+01H
0109 B40C1A            CJNE    A,#0CH,?C0024
010C         ?C0025:
                                           ; SOURCE LINE # 62
                                           ; SOURCE LINE # 63
010C E500        E     MOV     A,DS1302_Times+02H
010E D3                SETB    C
010F 941F              SUBB    A,#01FH
0111 4009              JC      ?C0026
0113 E500        E     MOV     A,DS1302_Times+02H
0115 94FF              SUBB    A,#0FFH
0117 5003              JNC     ?C0026
0119 750001      E     MOV     DS1302_Times+02H,#01H
011C         ?C0026:
                                           ; SOURCE LINE # 64
011C E500        E     MOV     A,DS1302_Times+02H
011E F4                CPL     A
011F 7074              JNZ     ?C0028
0121 75001F      E     MOV     DS1302_Times+02H,#01FH
                                           ; SOURCE LINE # 65
0124 806F              SJMP    ?C0028
0126         ?C0024:
                                           ; SOURCE LINE # 66
0126 E500        E     MOV     A,DS1302_Times+01H
0128 6404              XRL     A,#04H
012A 6011              JZ      ?C0030
012C E500        E     MOV     A,DS1302_Times+01H
012E 6406              XRL     A,#06H
0130 600B              JZ      ?C0030
0132 E500        E     MOV     A,DS1302_Times+01H
0134 6409              XRL     A,#09H
0136 6005              JZ      ?C0030
0138 E500        E     MOV     A,DS1302_Times+01H
013A B40B1A            CJNE    A,#0BH,?C0029
013D         ?C0030:
                                           ; SOURCE LINE # 68
                                           ; SOURCE LINE # 69
013D E500        E     MOV     A,DS1302_Times+02H
013F D3                SETB    C
0140 941E              SUBB    A,#01EH
0142 4009              JC      ?C0031
0144 E500        E     MOV     A,DS1302_Times+02H
0146 94FF              SUBB    A,#0FFH
0148 5003              JNC     ?C0031
014A 750001      E     MOV     DS1302_Times+02H,#01H
014D         ?C0031:
                                           ; SOURCE LINE # 70
014D E500        E     MOV     A,DS1302_Times+02H
014F F4                CPL     A
0150 7043              JNZ     ?C0028
0152 75001E      E     MOV     DS1302_Times+02H,#01EH
                                           ; SOURCE LINE # 71
0155 803E              SJMP    ?C0028
0157         ?C0029:
                                           ; SOURCE LINE # 72
C51 COMPILER V9.54   MAIN                                                                  02/11/2022 20:38:23 PAGE 8   

0157 E500        E     MOV     A,DS1302_Times+01H
0159 6402              XRL     A,#02H
015B 7038              JNZ     ?C0028
                                           ; SOURCE LINE # 73
                                           ; SOURCE LINE # 74
015D E500        E     MOV     A,DS1302_Times
015F 5403              ANL     A,#03H
0161 701A              JNZ     ?C0035
                                           ; SOURCE LINE # 75
                                           ; SOURCE LINE # 76
0163 E500        E     MOV     A,DS1302_Times+02H
0165 D3                SETB    C
0166 941D              SUBB    A,#01DH
0168 4009              JC      ?C0036
016A E500        E     MOV     A,DS1302_Times+02H
016C 94FF              SUBB    A,#0FFH
016E 5003              JNC     ?C0036
0170 750001      E     MOV     DS1302_Times+02H,#01H
0173         ?C0036:
                                           ; SOURCE LINE # 77
0173 E500        E     MOV     A,DS1302_Times+02H
0175 B4FF1D            CJNE    A,#0FFH,?C0028
0178 75001D      E     MOV     DS1302_Times+02H,#01DH
                                           ; SOURCE LINE # 78
017B 8018              SJMP    ?C0028
017D         ?C0035:
                                           ; SOURCE LINE # 80
                                           ; SOURCE LINE # 81
017D E500        E     MOV     A,DS1302_Times+02H
017F D3                SETB    C
0180 941C              SUBB    A,#01CH
0182 4009              JC      ?C0039
0184 E500        E     MOV     A,DS1302_Times+02H
0186 94FF              SUBB    A,#0FFH
0188 5003              JNC     ?C0039
018A 750001      E     MOV     DS1302_Times+02H,#01H
018D         ?C0039:
                                           ; SOURCE LINE # 82
018D E500        E     MOV     A,DS1302_Times+02H
018F B4FF03            CJNE    A,#0FFH,?C0028
0192 75001C      E     MOV     DS1302_Times+02H,#01CH
                                           ; SOURCE LINE # 83
                                           ; SOURCE LINE # 84
0195         ?C0028:
                                           ; SOURCE LINE # 85
0195 E500        E     MOV     A,DS1302_Times+03H
0197 B4FF03            CJNE    A,#0FFH,?C0041
019A 750001      E     MOV     DS1302_Times+03H,#01H
019D         ?C0041:
                                           ; SOURCE LINE # 86
019D E500        E     MOV     A,DS1302_Times+04H
019F B4FF03            CJNE    A,#0FFH,?C0042
01A2 E4                CLR     A
01A3 F500        E     MOV     DS1302_Times+04H,A
01A5         ?C0042:
                                           ; SOURCE LINE # 87
01A5 E500        E     MOV     A,DS1302_Times+05H
01A7 B4FF03            CJNE    A,#0FFH,?C0021
01AA E4                CLR     A
01AB F500        E     MOV     DS1302_Times+05H,A
                                           ; SOURCE LINE # 88
01AD         ?C0021:
C51 COMPILER V9.54   MAIN                                                                  02/11/2022 20:38:23 PAGE 9   

                                           ; SOURCE LINE # 89
01AD E500        R     MOV     A,TimeSetSelect
01AF 7013              JNZ     ?C0044
01B1 E500        R     MOV     A,TimeSetFlashFlag
01B3 700F              JNZ     ?C0044
01B5 7BFF              MOV     R3,#0FFH
01B7 7A00        R     MOV     R2,#HIGH ?SC_0
01B9 7900        R     MOV     R1,#LOW ?SC_0
01BB 7D01              MOV     R5,#01H
01BD 7F01              MOV     R7,#01H
01BF 120000      E     LCALL   _LCD_ShowString
01C2 800F              SJMP    ?C0045
01C4         ?C0044:
                                           ; SOURCE LINE # 90
01C4 E500        E     MOV     A,DS1302_Times
01C6 FB                MOV     R3,A
01C7 7A00              MOV     R2,#00H
01C9 750002      E     MOV     ?_LCD_ShowNum?BYTE+04H,#02H
01CC 7D01              MOV     R5,#01H
01CE 7F01              MOV     R7,#01H
01D0 120000      E     LCALL   _LCD_ShowNum
01D3         ?C0045:
                                           ; SOURCE LINE # 91
01D3 E500        R     MOV     A,TimeSetSelect
01D5 B40113            CJNE    A,#01H,?C0046
01D8 E500        R     MOV     A,TimeSetFlashFlag
01DA 700F              JNZ     ?C0046
01DC 7BFF              MOV     R3,#0FFH
01DE 7A00        R     MOV     R2,#HIGH ?SC_0
01E0 7900        R     MOV     R1,#LOW ?SC_0
01E2 7D04              MOV     R5,#04H
01E4 7F01              MOV     R7,#01H
01E6 120000      E     LCALL   _LCD_ShowString
01E9 800F              SJMP    ?C0047
01EB         ?C0046:
                                           ; SOURCE LINE # 92
01EB E500        E     MOV     A,DS1302_Times+01H
01ED FB                MOV     R3,A
01EE 7A00              MOV     R2,#00H
01F0 750002      E     MOV     ?_LCD_ShowNum?BYTE+04H,#02H
01F3 7D04              MOV     R5,#04H
01F5 7F01              MOV     R7,#01H
01F7 120000      E     LCALL   _LCD_ShowNum
01FA         ?C0047:
                                           ; SOURCE LINE # 93
01FA E500        R     MOV     A,TimeSetSelect
01FC B40213            CJNE    A,#02H,?C0048
01FF E500        R     MOV     A,TimeSetFlashFlag
0201 700F              JNZ     ?C0048
0203 7BFF              MOV     R3,#0FFH
0205 7A00        R     MOV     R2,#HIGH ?SC_0
0207 7900        R     MOV     R1,#LOW ?SC_0
0209 7D07              MOV     R5,#07H
020B 7F01              MOV     R7,#01H
020D 120000      E     LCALL   _LCD_ShowString
0210 800F              SJMP    ?C0049
0212         ?C0048:
                                           ; SOURCE LINE # 94
0212 E500        E     MOV     A,DS1302_Times+02H
0214 FB                MOV     R3,A
0215 7A00              MOV     R2,#00H
0217 750002      E     MOV     ?_LCD_ShowNum?BYTE+04H,#02H
C51 COMPILER V9.54   MAIN                                                                  02/11/2022 20:38:23 PAGE 10  

021A 7D07              MOV     R5,#07H
021C 7F01              MOV     R7,#01H
021E 120000      E     LCALL   _LCD_ShowNum
0221         ?C0049:
                                           ; SOURCE LINE # 95
0221 E500        R     MOV     A,TimeSetSelect
0223 B40313            CJNE    A,#03H,?C0050
0226 E500        R     MOV     A,TimeSetFlashFlag
0228 700F              JNZ     ?C0050
022A 7BFF              MOV     R3,#0FFH
022C 7A00        R     MOV     R2,#HIGH ?SC_0
022E 7900        R     MOV     R1,#LOW ?SC_0
0230 7D01              MOV     R5,#01H
0232 7F02              MOV     R7,#02H
0234 120000      E     LCALL   _LCD_ShowString
0237 800F              SJMP    ?C0051
0239         ?C0050:
                                           ; SOURCE LINE # 96
0239 E500        E     MOV     A,DS1302_Times+03H
023B FB                MOV     R3,A
023C 7A00              MOV     R2,#00H
023E 750002      E     MOV     ?_LCD_ShowNum?BYTE+04H,#02H
0241 7D01              MOV     R5,#01H
0243 7F02              MOV     R7,#02H
0245 120000      E     LCALL   _LCD_ShowNum
0248         ?C0051:
                                           ; SOURCE LINE # 97
0248 E500        R     MOV     A,TimeSetSelect
024A B40413            CJNE    A,#04H,?C0052
024D E500        R     MOV     A,TimeSetFlashFlag
024F 700F              JNZ     ?C0052
0251 7BFF              MOV     R3,#0FFH
0253 7A00        R     MOV     R2,#HIGH ?SC_0
0255 7900        R     MOV     R1,#LOW ?SC_0
0257 7D04              MOV     R5,#04H
0259 7F02              MOV     R7,#02H
025B 120000      E     LCALL   _LCD_ShowString
025E 800F              SJMP    ?C0053
0260         ?C0052:
                                           ; SOURCE LINE # 98
0260 E500        E     MOV     A,DS1302_Times+04H
0262 FB                MOV     R3,A
0263 7A00              MOV     R2,#00H
0265 750002      E     MOV     ?_LCD_ShowNum?BYTE+04H,#02H
0268 7D04              MOV     R5,#04H
026A 7F02              MOV     R7,#02H
026C 120000      E     LCALL   _LCD_ShowNum
026F         ?C0053:
                                           ; SOURCE LINE # 99
026F E500        R     MOV     A,TimeSetSelect
0271 B40511            CJNE    A,#05H,?C0054
0274 E500        R     MOV     A,TimeSetFlashFlag
0276 700D              JNZ     ?C0054
0278 7BFF              MOV     R3,#0FFH
027A 7A00        R     MOV     R2,#HIGH ?SC_0
027C 7900        R     MOV     R1,#LOW ?SC_0
027E 7D07              MOV     R5,#07H
0280 7F02              MOV     R7,#02H
0282 020000      E     LJMP    _LCD_ShowString
0285         ?C0054:
                                           ; SOURCE LINE # 100
0285 E500        E     MOV     A,DS1302_Times+05H
C51 COMPILER V9.54   MAIN                                                                  02/11/2022 20:38:23 PAGE 11  

0287 FB                MOV     R3,A
0288 7A00              MOV     R2,#00H
028A 750002      E     MOV     ?_LCD_ShowNum?BYTE+04H,#02H
028D 7D07              MOV     R5,#07H
028F 7F02              MOV     R7,#02H
0291 120000      E     LCALL   _LCD_ShowNum
                                           ; SOURCE LINE # 101
0294         ?C0056:
0294 22                RET     
             ; FUNCTION SetNum (END)

             ; FUNCTION ShowNum (BEGIN)
                                           ; SOURCE LINE # 108
                                           ; SOURCE LINE # 109
                                           ; SOURCE LINE # 110
0000 120000      E     LCALL   DS1302_ReadTime
                                           ; SOURCE LINE # 111
0003 7BFF              MOV     R3,#0FFH
0005 7A00        R     MOV     R2,#HIGH ?SC_3
0007 7900        R     MOV     R1,#LOW ?SC_3
0009 7D01              MOV     R5,#01H
000B 7F01              MOV     R7,#01H
000D 120000      E     LCALL   _LCD_ShowString
                                           ; SOURCE LINE # 112
0010 7BFF              MOV     R3,#0FFH
0012 7A00        R     MOV     R2,#HIGH ?SC_12
0014 7900        R     MOV     R1,#LOW ?SC_12
0016 7D01              MOV     R5,#01H
0018 7F02              MOV     R7,#02H
001A 120000      E     LCALL   _LCD_ShowString
                                           ; SOURCE LINE # 113
001D E500        E     MOV     A,DS1302_Times
001F FB                MOV     R3,A
0020 7A00              MOV     R2,#00H
0022 750002      E     MOV     ?_LCD_ShowNum?BYTE+04H,#02H
0025 7D01              MOV     R5,#01H
0027 7F01              MOV     R7,#01H
0029 120000      E     LCALL   _LCD_ShowNum
                                           ; SOURCE LINE # 114
002C E500        E     MOV     A,DS1302_Times+01H
002E FB                MOV     R3,A
002F 7A00              MOV     R2,#00H
0031 750002      E     MOV     ?_LCD_ShowNum?BYTE+04H,#02H
0034 7D04              MOV     R5,#04H
0036 7F01              MOV     R7,#01H
0038 120000      E     LCALL   _LCD_ShowNum
                                           ; SOURCE LINE # 115
003B E500        E     MOV     A,DS1302_Times+02H
003D FB                MOV     R3,A
003E 7A00              MOV     R2,#00H
0040 750002      E     MOV     ?_LCD_ShowNum?BYTE+04H,#02H
0043 7D07              MOV     R5,#07H
0045 7F01              MOV     R7,#01H
0047 120000      E     LCALL   _LCD_ShowNum
                                           ; SOURCE LINE # 116
004A E500        E     MOV     A,DS1302_Times+03H
004C FB                MOV     R3,A
004D 7A00              MOV     R2,#00H
004F 750002      E     MOV     ?_LCD_ShowNum?BYTE+04H,#02H
0052 7D01              MOV     R5,#01H
0054 7F02              MOV     R7,#02H
0056 120000      E     LCALL   _LCD_ShowNum
C51 COMPILER V9.54   MAIN                                                                  02/11/2022 20:38:23 PAGE 12  

                                           ; SOURCE LINE # 117
0059 E500        E     MOV     A,DS1302_Times+04H
005B FB                MOV     R3,A
005C 7A00              MOV     R2,#00H
005E 750002      E     MOV     ?_LCD_ShowNum?BYTE+04H,#02H
0061 7D04              MOV     R5,#04H
0063 7F02              MOV     R7,#02H
0065 120000      E     LCALL   _LCD_ShowNum
                                           ; SOURCE LINE # 118
0068 E500        E     MOV     A,DS1302_Times+05H
006A FB                MOV     R3,A
006B 7A00              MOV     R2,#00H
006D 750002      E     MOV     ?_LCD_ShowNum?BYTE+04H,#02H
0070 7D07              MOV     R5,#07H
0072 7F02              MOV     R7,#02H
0074 020000      E     LJMP    _LCD_ShowNum
             ; FUNCTION ShowNum (END)

             ; FUNCTION main (BEGIN)
                                           ; SOURCE LINE # 121
                                           ; SOURCE LINE # 122
                                           ; SOURCE LINE # 123
0000 120000      E     LCALL   LCD_Init
                                           ; SOURCE LINE # 124
0003 120000      E     LCALL   DS1302_Init
                                           ; SOURCE LINE # 125
0006 7BFF              MOV     R3,#0FFH
0008 7A00        R     MOV     R2,#HIGH ?SC_3
000A 7900        R     MOV     R1,#LOW ?SC_3
000C 7D01              MOV     R5,#01H
000E 7F01              MOV     R7,#01H
0010 120000      E     LCALL   _LCD_ShowString
                                           ; SOURCE LINE # 126
0013 7BFF              MOV     R3,#0FFH
0015 7A00        R     MOV     R2,#HIGH ?SC_12
0017 7900        R     MOV     R1,#LOW ?SC_12
0019 7D01              MOV     R5,#01H
001B 7F02              MOV     R7,#02H
001D 120000      E     LCALL   _LCD_ShowString
                                           ; SOURCE LINE # 127
0020 120000      E     LCALL   DS1302_SetTime
                                           ; SOURCE LINE # 128
0023 120000      E     LCALL   Timer0Init
0026         ?C0058:
                                           ; SOURCE LINE # 129
                                           ; SOURCE LINE # 130
                                           ; SOURCE LINE # 132
0026 120000      E     LCALL   Key
0029 8F00        R     MOV     Keynum,R7
                                           ; SOURCE LINE # 133
002B E500        R     MOV     A,Keynum
002D B40114            CJNE    A,#01H,?C0060
                                           ; SOURCE LINE # 134
                                           ; SOURCE LINE # 135
0030 E500        R     MOV     A,MODEL
0032 7005              JNZ     ?C0061
0034 750001      R     MOV     MODEL,#01H
0037 800B              SJMP    ?C0060
0039         ?C0061:
                                           ; SOURCE LINE # 136
0039 E500        R     MOV     A,MODEL
003B B40106            CJNE    A,#01H,?C0060
C51 COMPILER V9.54   MAIN                                                                  02/11/2022 20:38:23 PAGE 13  

003E E4                CLR     A
003F F500        R     MOV     MODEL,A
0041 120000      E     LCALL   DS1302_SetTime
                                           ; SOURCE LINE # 137
0044         ?C0060:
                                           ; SOURCE LINE # 138
0044 E500        R     MOV     A,MODEL
0046 14                DEC     A
0047 6008              JZ      ?C0066
0049 04                INC     A
004A 70DA              JNZ     ?C0058
                                           ; SOURCE LINE # 139
                                           ; SOURCE LINE # 140
004C         ?C0065:
004C 120000      R     LCALL   ShowNum
004F 80D5              SJMP    ?C0058
                                           ; SOURCE LINE # 141
0051         ?C0066:
0051 120000      R     LCALL   SetNum
0054 80D0              SJMP    ?C0058
             ; FUNCTION main (END)

             ; FUNCTION Timer0_Routine (BEGIN)
0000 C0E0              PUSH    ACC
0002 C0D0              PUSH    PSW
0004 75D000            MOV     PSW,#00H
0007 C007              PUSH    AR7
                                           ; SOURCE LINE # 146
                                           ; SOURCE LINE # 149
0009 758A18            MOV     TL0,#018H
                                           ; SOURCE LINE # 150
000C 758CFC            MOV     TH0,#0FCH
                                           ; SOURCE LINE # 151
000F 0500        R     INC     T0Count+01H
0011 E500        R     MOV     A,T0Count+01H
0013 7002              JNZ     ?C0072
0015 0500        R     INC     T0Count
0017         ?C0072:
                                           ; SOURCE LINE # 152
0017 C3                CLR     C
0018 94F4              SUBB    A,#0F4H
001A E500        R     MOV     A,T0Count
001C 9401              SUBB    A,#01H
001E 4010              JC      ?C0071
                                           ; SOURCE LINE # 153
                                           ; SOURCE LINE # 154
0020 750000      R     MOV     T0Count,#00H
0023 750000      R     MOV     T0Count+01H,#00H
                                           ; SOURCE LINE # 155
0026 E500        R     MOV     A,TimeSetFlashFlag
0028 7F00              MOV     R7,#00H
002A 7002              JNZ     ?C0069
002C 7F01              MOV     R7,#01H
002E         ?C0069:
002E         ?C0070:
002E 8F00        R     MOV     TimeSetFlashFlag,R7
                                           ; SOURCE LINE # 156
                                           ; SOURCE LINE # 157
0030         ?C0071:
0030 D007              POP     AR7
0032 D0D0              POP     PSW
0034 D0E0              POP     ACC
C51 COMPILER V9.54   MAIN                                                                  02/11/2022 20:38:23 PAGE 14  

0036 32                RETI    
             ; FUNCTION Timer0_Routine (END)

C51 COMPILER V9.54   MAIN                                                                  02/11/2022 20:38:23 PAGE 15  

NAME                                    CLASS   MSPACE  TYPE    OFFSET  SIZE
====                                    =====   ======  ====    ======  ====


DS1302_SetTime . . . . . . . . . . . .  EXTERN   CODE   PROC     -----  -----
Timer0_Routine . . . . . . . . . . . .  PUBLIC   CODE   PROC     0000H  -----
  T0Count. . . . . . . . . . . . . . .  STATIC   DATA   U_INT    0000H  2
P0 . . . . . . . . . . . . . . . . . .  SFR      DATA   U_CHAR   0080H  1
P1 . . . . . . . . . . . . . . . . . .  SFR      DATA   U_CHAR   0090H  1
P2 . . . . . . . . . . . . . . . . . .  SFR      DATA   U_CHAR   00A0H  1
P3 . . . . . . . . . . . . . . . . . .  SFR      DATA   U_CHAR   00B0H  1
AC . . . . . . . . . . . . . . . . . .  ABSBIT   -----  BIT      00D6H  1
T0 . . . . . . . . . . . . . . . . . .  ABSBIT   -----  BIT      00B4H  1
T1 . . . . . . . . . . . . . . . . . .  ABSBIT   -----  BIT      00B5H  1
EA . . . . . . . . . . . . . . . . . .  ABSBIT   -----  BIT      00AFH  1
T2 . . . . . . . . . . . . . . . . . .  ABSBIT   -----  BIT      0090H  1
_LCD_ShowNum . . . . . . . . . . . . .  EXTERN   CODE   PROC     -----  -----
IE . . . . . . . . . . . . . . . . . .  SFR      DATA   U_CHAR   00A8H  1
P0_0 . . . . . . . . . . . . . . . . .  ABSBIT   -----  BIT      0080H  1
P1_0 . . . . . . . . . . . . . . . . .  ABSBIT   -----  BIT      0090H  1
P0_1 . . . . . . . . . . . . . . . . .  ABSBIT   -----  BIT      0081H  1
P2_0 . . . . . . . . . . . . . . . . .  ABSBIT   -----  BIT      00A0H  1
P1_1 . . . . . . . . . . . . . . . . .  ABSBIT   -----  BIT      0091H  1
P0_2 . . . . . . . . . . . . . . . . .  ABSBIT   -----  BIT      0082H  1
P3_0 . . . . . . . . . . . . . . . . .  ABSBIT   -----  BIT      00B0H  1
P2_1 . . . . . . . . . . . . . . . . .  ABSBIT   -----  BIT      00A1H  1
P1_2 . . . . . . . . . . . . . . . . .  ABSBIT   -----  BIT      0092H  1
P0_3 . . . . . . . . . . . . . . . . .  ABSBIT   -----  BIT      0083H  1
P3_1 . . . . . . . . . . . . . . . . .  ABSBIT   -----  BIT      00B1H  1
P2_2 . . . . . . . . . . . . . . . . .  ABSBIT   -----  BIT      00A2H  1
P1_3 . . . . . . . . . . . . . . . . .  ABSBIT   -----  BIT      0093H  1
P0_4 . . . . . . . . . . . . . . . . .  ABSBIT   -----  BIT      0084H  1
P3_2 . . . . . . . . . . . . . . . . .  ABSBIT   -----  BIT      00B2H  1
P2_3 . . . . . . . . . . . . . . . . .  ABSBIT   -----  BIT      00A3H  1
P1_4 . . . . . . . . . . . . . . . . .  ABSBIT   -----  BIT      0094H  1
P0_5 . . . . . . . . . . . . . . . . .  ABSBIT   -----  BIT      0085H  1
EXF2 . . . . . . . . . . . . . . . . .  ABSBIT   -----  BIT      00CEH  1
RD . . . . . . . . . . . . . . . . . .  ABSBIT   -----  BIT      00B7H  1
P3_3 . . . . . . . . . . . . . . . . .  ABSBIT   -----  BIT      00B3H  1
P2_4 . . . . . . . . . . . . . . . . .  ABSBIT   -----  BIT      00A4H  1
P1_5 . . . . . . . . . . . . . . . . .  ABSBIT   -----  BIT      0095H  1
P0_6 . . . . . . . . . . . . . . . . .  ABSBIT   -----  BIT      0086H  1
P3_4 . . . . . . . . . . . . . . . . .  ABSBIT   -----  BIT      00B4H  1
P2_5 . . . . . . . . . . . . . . . . .  ABSBIT   -----  BIT      00A5H  1
P1_6 . . . . . . . . . . . . . . . . .  ABSBIT   -----  BIT      0096H  1
P0_7 . . . . . . . . . . . . . . . . .  ABSBIT   -----  BIT      0087H  1
P3_5 . . . . . . . . . . . . . . . . .  ABSBIT   -----  BIT      00B5H  1
ES . . . . . . . . . . . . . . . . . .  ABSBIT   -----  BIT      00ACH  1
P2_6 . . . . . . . . . . . . . . . . .  ABSBIT   -----  BIT      00A6H  1
P1_7 . . . . . . . . . . . . . . . . .  ABSBIT   -----  BIT      0097H  1
P3_6 . . . . . . . . . . . . . . . . .  ABSBIT   -----  BIT      00B6H  1
P2_7 . . . . . . . . . . . . . . . . .  ABSBIT   -----  BIT      00A7H  1
IP . . . . . . . . . . . . . . . . . .  SFR      DATA   U_CHAR   00B8H  1
P3_7 . . . . . . . . . . . . . . . . .  ABSBIT   -----  BIT      00B7H  1
RI . . . . . . . . . . . . . . . . . .  ABSBIT   -----  BIT      0098H  1
CY . . . . . . . . . . . . . . . . . .  ABSBIT   -----  BIT      00D7H  1
INT0 . . . . . . . . . . . . . . . . .  ABSBIT   -----  BIT      00B2H  1
INT1 . . . . . . . . . . . . . . . . .  ABSBIT   -----  BIT      00B3H  1
TI . . . . . . . . . . . . . . . . . .  ABSBIT   -----  BIT      0099H  1
RCAP2H . . . . . . . . . . . . . . . .  SFR      DATA   U_CHAR   00CBH  1
PS . . . . . . . . . . . . . . . . . .  ABSBIT   -----  BIT      00BCH  1
C51 COMPILER V9.54   MAIN                                                                  02/11/2022 20:38:23 PAGE 16  

NAME                                    CLASS   MSPACE  TYPE    OFFSET  SIZE
====                                    =====   ======  ====    ======  ====


SP . . . . . . . . . . . . . . . . . .  SFR      DATA   U_CHAR   0081H  1
TimeSetSelect. . . . . . . . . . . . .  PUBLIC   DATA   U_CHAR   0002H  1
T2EX . . . . . . . . . . . . . . . . .  ABSBIT   -----  BIT      0091H  1
OV . . . . . . . . . . . . . . . . . .  ABSBIT   -----  BIT      00D2H  1
RCAP2L . . . . . . . . . . . . . . . .  SFR      DATA   U_CHAR   00CAH  1
main . . . . . . . . . . . . . . . . .  PUBLIC   CODE   PROC     0000H  -----
C_T2 . . . . . . . . . . . . . . . . .  ABSBIT   -----  BIT      00C9H  1
WR . . . . . . . . . . . . . . . . . .  ABSBIT   -----  BIT      00B6H  1
Key. . . . . . . . . . . . . . . . . .  EXTERN   CODE   PROC     -----  -----
u8 . . . . . . . . . . . . . . . . . .  TYPEDEF  -----  U_CHAR   -----  1
RCLK . . . . . . . . . . . . . . . . .  ABSBIT   -----  BIT      00CDH  1
TimeSetFlashFlag . . . . . . . . . . .  PUBLIC   DATA   U_CHAR   0003H  1
TCLK . . . . . . . . . . . . . . . . .  ABSBIT   -----  BIT      00CCH  1
SBUF . . . . . . . . . . . . . . . . .  SFR      DATA   U_CHAR   0099H  1
PCON . . . . . . . . . . . . . . . . .  SFR      DATA   U_CHAR   0087H  1
SCON . . . . . . . . . . . . . . . . .  SFR      DATA   U_CHAR   0098H  1
TMOD . . . . . . . . . . . . . . . . .  SFR      DATA   U_CHAR   0089H  1
TCON . . . . . . . . . . . . . . . . .  SFR      DATA   U_CHAR   0088H  1
IE0. . . . . . . . . . . . . . . . . .  ABSBIT   -----  BIT      0089H  1
IE1. . . . . . . . . . . . . . . . . .  ABSBIT   -----  BIT      008BH  1
B. . . . . . . . . . . . . . . . . . .  SFR      DATA   U_CHAR   00F0H  1
DS1302_Times . . . . . . . . . . . . .  EXTERN   DATA   ARRAY    -----  -----
CP_RL2 . . . . . . . . . . . . . . . .  ABSBIT   -----  BIT      00C8H  1
ACC. . . . . . . . . . . . . . . . . .  SFR      DATA   U_CHAR   00E0H  1
ET0. . . . . . . . . . . . . . . . . .  ABSBIT   -----  BIT      00A9H  1
LCD_Init . . . . . . . . . . . . . . .  EXTERN   CODE   PROC     -----  -----
ET1. . . . . . . . . . . . . . . . . .  ABSBIT   -----  BIT      00ABH  1
TF0. . . . . . . . . . . . . . . . . .  ABSBIT   -----  BIT      008DH  1
Timer0Init . . . . . . . . . . . . . .  EXTERN   CODE   PROC     -----  -----
ET2. . . . . . . . . . . . . . . . . .  ABSBIT   -----  BIT      00ADH  1
TF1. . . . . . . . . . . . . . . . . .  ABSBIT   -----  BIT      008FH  1
TF2. . . . . . . . . . . . . . . . . .  ABSBIT   -----  BIT      00CFH  1
RB8. . . . . . . . . . . . . . . . . .  ABSBIT   -----  BIT      009AH  1
TH0. . . . . . . . . . . . . . . . . .  SFR      DATA   U_CHAR   008CH  1
EX0. . . . . . . . . . . . . . . . . .  ABSBIT   -----  BIT      00A8H  1
IT0. . . . . . . . . . . . . . . . . .  ABSBIT   -----  BIT      0088H  1
TH1. . . . . . . . . . . . . . . . . .  SFR      DATA   U_CHAR   008DH  1
EX1. . . . . . . . . . . . . . . . . .  ABSBIT   -----  BIT      00AAH  1
TB8. . . . . . . . . . . . . . . . . .  ABSBIT   -----  BIT      009BH  1
IT1. . . . . . . . . . . . . . . . . .  ABSBIT   -----  BIT      008AH  1
TH2. . . . . . . . . . . . . . . . . .  SFR      DATA   U_CHAR   00CDH  1
DS1302_ReadTime. . . . . . . . . . . .  EXTERN   CODE   PROC     -----  -----
P. . . . . . . . . . . . . . . . . . .  ABSBIT   -----  BIT      00D0H  1
SM0. . . . . . . . . . . . . . . . . .  ABSBIT   -----  BIT      009FH  1
TL0. . . . . . . . . . . . . . . . . .  SFR      DATA   U_CHAR   008AH  1
SM1. . . . . . . . . . . . . . . . . .  ABSBIT   -----  BIT      009EH  1
TL1. . . . . . . . . . . . . . . . . .  SFR      DATA   U_CHAR   008BH  1
SM2. . . . . . . . . . . . . . . . . .  ABSBIT   -----  BIT      009DH  1
TL2. . . . . . . . . . . . . . . . . .  SFR      DATA   U_CHAR   00CCH  1
_LCD_ShowString. . . . . . . . . . . .  EXTERN   CODE   PROC     -----  -----
PT0. . . . . . . . . . . . . . . . . .  ABSBIT   -----  BIT      00B9H  1
ShowNum. . . . . . . . . . . . . . . .  PUBLIC   CODE   PROC     0000H  -----
DS1302_Init. . . . . . . . . . . . . .  EXTERN   CODE   PROC     -----  -----
RS0. . . . . . . . . . . . . . . . . .  ABSBIT   -----  BIT      00D3H  1
PT1. . . . . . . . . . . . . . . . . .  ABSBIT   -----  BIT      00BBH  1
RS1. . . . . . . . . . . . . . . . . .  ABSBIT   -----  BIT      00D4H  1
PT2. . . . . . . . . . . . . . . . . .  ABSBIT   -----  BIT      00BDH  1
C51 COMPILER V9.54   MAIN                                                                  02/11/2022 20:38:23 PAGE 17  

NAME                                    CLASS   MSPACE  TYPE    OFFSET  SIZE
====                                    =====   ======  ====    ======  ====


TR0. . . . . . . . . . . . . . . . . .  ABSBIT   -----  BIT      008CH  1
TR1. . . . . . . . . . . . . . . . . .  ABSBIT   -----  BIT      008EH  1
TR2. . . . . . . . . . . . . . . . . .  ABSBIT   -----  BIT      00CAH  1
PX0. . . . . . . . . . . . . . . . . .  ABSBIT   -----  BIT      00B8H  1
PX1. . . . . . . . . . . . . . . . . .  ABSBIT   -----  BIT      00BAH  1
u16. . . . . . . . . . . . . . . . . .  TYPEDEF  -----  U_INT    -----  2
DPH. . . . . . . . . . . . . . . . . .  SFR      DATA   U_CHAR   0083H  1
SetNum . . . . . . . . . . . . . . . .  PUBLIC   CODE   PROC     0000H  -----
DPL. . . . . . . . . . . . . . . . . .  SFR      DATA   U_CHAR   0082H  1
EXEN2. . . . . . . . . . . . . . . . .  ABSBIT   -----  BIT      00CBH  1
REN. . . . . . . . . . . . . . . . . .  ABSBIT   -----  BIT      009CH  1
T2MOD. . . . . . . . . . . . . . . . .  SFR      DATA   U_CHAR   00C9H  1
T2CON. . . . . . . . . . . . . . . . .  SFR      DATA   U_CHAR   00C8H  1
RXD. . . . . . . . . . . . . . . . . .  ABSBIT   -----  BIT      00B0H  1
TXD. . . . . . . . . . . . . . . . . .  ABSBIT   -----  BIT      00B1H  1
MODEL. . . . . . . . . . . . . . . . .  PUBLIC   DATA   U_CHAR   0004H  1
F0 . . . . . . . . . . . . . . . . . .  ABSBIT   -----  BIT      00D5H  1
F1 . . . . . . . . . . . . . . . . . .  ABSBIT   -----  BIT      00D1H  1
PSW. . . . . . . . . . . . . . . . . .  SFR      DATA   U_CHAR   00D0H  1
Keynum . . . . . . . . . . . . . . . .  PUBLIC   DATA   U_CHAR   0005H  1


MODULE INFORMATION:   STATIC OVERLAYABLE
   CODE SIZE        =    924    ----
   CONSTANT SIZE    =     21    ----
   XDATA SIZE       =   ----    ----
   PDATA SIZE       =   ----    ----
   DATA SIZE        =      6    ----
   IDATA SIZE       =   ----    ----
   BIT SIZE         =   ----    ----
   EDATA SIZE       =   ----    ----
   HDATA SIZE       =   ----    ----
   XDATA CONST SIZE =   ----    ----
   FAR CONST SIZE   =   ----    ----
END OF MODULE INFORMATION.


C51 COMPILATION COMPLETE.  0 WARNING(S),  0 ERROR(S)
